<?xml version="1.0" encoding="UTF-8"?>
<!-- Generated by org.testng.reporters.JUnitReportReporter -->
<testsuite hostname="BaljinderSingh" failures="0" tests="1" name="LoginTest" time="27.898" errors="0" timestamp="22 Aug 2019 01:55:14 GMT" skipped="0">
  <testcase classname="LoginTest" name="Khulja" time="27.898"/>
</testsuite> <!-- LoginTest -->
